Using pre-set license

 COMMAND LINE ARGUMENTS:
/Applications/Unity/Hub/Editor/2020.3.8f1/Unity.app/Contents/MacOS/Unity
-adb2
-batchMode
-noUpm
-name
AssetImportWorker0
-projectPath
/Users/shailensheth/Downloads/My project (2)
-logFile
Logs/AssetImportWorker0.log
-srvPort
53118
Successfully changed project path to: /Users/shailensheth/Downloads/My project (2)
/Users/shailensheth/Downloads/My project (2)
Using Asset Import Pipeline V2.
Refreshing native plugins compatible for Editor in 58.51 ms, found 2 plugins.
Preloading 0 native plugins for Editor in 0.00 ms.
Initialize engine version: 2020.3.8f1 (507919d4fff5)
[Subsystems] Discovering subsystems at path /Applications/Unity/Hub/Editor/2020.3.8f1/Unity.app/Contents/Resources/UnitySubsystems
[Subsystems] Discovering subsystems at path /Users/shailensheth/Downloads/My project (2)/Assets
GfxDevice: creating device client; threaded=0
2024-02-24 12:28:14.724 Unity[30716:600043] (null) preferred device: Apple M1 (high power)
2024-02-24 12:28:14.724 Unity[30716:600043] Metal devices available: 1
2024-02-24 12:28:14.724 Unity[30716:600043] 0: Apple M1 (high power)
2024-02-24 12:28:14.724 Unity[30716:600043] Using device Apple M1 (high power)
Initializing Metal device caps: Apple M1
Initialize mono
Mono path[0] = '/Applications/Unity/Hub/Editor/2020.3.8f1/Unity.app/Contents/Managed'
Mono path[1] = '/Applications/Unity/Hub/Editor/2020.3.8f1/Unity.app/Contents/MonoBleedingEdge/lib/mono/unityjit'
Mono config path = '/Applications/Unity/Hub/Editor/2020.3.8f1/Unity.app/Contents/MonoBleedingEdge/etc'
Using monoOptions --debugger-agent=transport=dt_socket,embedding=1,server=y,suspend=n,address=127.0.0.1:56716
Begin MonoManager ReloadAssembly
Registering precompiled unity dll's ...
Register platform support module: /Applications/Unity/Hub/Editor/2020.3.8f1/PlaybackEngines/WebGLSupport/UnityEditor.WebGL.Extensions.dll
Register platform support module: /Applications/Unity/Hub/Editor/2020.3.8f1/Unity.app/Contents/PlaybackEngines/MacStandaloneSupport/UnityEditor.OSXStandalone.Extensions.dll
Registered in 0.000444 seconds.
Native extension for OSXStandalone target not found
Native extension for WebGL target not found
Refreshing native plugins compatible for Editor in 32.63 ms, found 2 plugins.
Preloading 0 native plugins for Editor in 0.00 ms.
Mono: successfully reloaded assembly
- Completed reload, in  1.787 seconds
Platform modules already initialized, skipping
Registering precompiled user dll's ...
Registered in 0.000748 seconds.
Begin MonoManager ReloadAssembly
Native extension for OSXStandalone target not found
Native extension for WebGL target not found
Refreshing native plugins compatible for Editor in 32.58 ms, found 2 plugins.
Preloading 0 native plugins for Editor in 0.00 ms.
Mono: successfully reloaded assembly
- Completed reload, in  1.815 seconds
Platform modules already initialized, skipping
========================================================================
Worker process is ready to serve import requests
Launching external process: /Applications/Unity/Hub/Editor/2020.3.8f1/Unity.app/Contents/Tools/UnityShaderCompiler
Launched and connected shader compiler UnityShaderCompiler after 0.02 seconds
Refreshing native plugins compatible for Editor in 0.31 ms, found 2 plugins.
Preloading 0 native plugins for Editor in 0.00 ms.
Unloading 1808 Unused Serialized files (Serialized files now loaded: 0)
System memory in use before: 143.4 MB.
System memory in use after: 143.3 MB.

Unloading 24 unused Assets to reduce memory usage. Loaded Objects now: 2250.
Total: 1.712416 ms (FindLiveObjects: 0.135625 ms CreateObjectMapping: 0.035458 ms MarkObjects: 1.409083 ms  DeleteObjects: 0.131333 ms)

========================================================================
Received Import Request.
  path: Assets
  artifactKey: Guid(00000000000000001000000000000000) Importer(815301076,1909f56bfc062723c751e8b465ee728b)
Start importing Assets using Guid(00000000000000001000000000000000) Importer(815301076,1909f56bfc062723c751e8b465ee728b)  -> (artifact id: '42d402b061de3733987d63b9cc3b64de') in 0.008466 seconds
  Import took 0.011463 seconds .

========================================================================
Received Prepare
Registering precompiled user dll's ...
Registered in 0.000986 seconds.
Begin MonoManager ReloadAssembly
Native extension for OSXStandalone target not found
Native extension for WebGL target not found
Refreshing native plugins compatible for Editor in 0.31 ms, found 2 plugins.
Preloading 0 native plugins for Editor in 0.00 ms.
Mono: successfully reloaded assembly
- Completed reload, in  1.895 seconds
Platform modules already initialized, skipping
Refreshing native plugins compatible for Editor in 0.25 ms, found 2 plugins.
Preloading 0 native plugins for Editor in 0.00 ms.
Unloading 1826 Unused Serialized files (Serialized files now loaded: 0)
System memory in use before: 144.0 MB.
System memory in use after: 144.0 MB.

Unloading 12 unused Assets to reduce memory usage. Loaded Objects now: 2277.
Total: 1.491458 ms (FindLiveObjects: 0.142458 ms CreateObjectMapping: 0.032750 ms MarkObjects: 1.214458 ms  DeleteObjects: 0.100917 ms)

========================================================================
Received Import Request.
  Time since last request: 28.910698 seconds.
  path: Assets/PedestrianLight.jpg
  artifactKey: Guid(f375295d0943b1443970ce2ff668e77b) Importer(815301076,1909f56bfc062723c751e8b465ee728b)
Start importing Assets/PedestrianLight.jpg using Guid(f375295d0943b1443970ce2ff668e77b) Importer(815301076,1909f56bfc062723c751e8b465ee728b)  -> (artifact id: 'e955cbb628037468aadd0121469ac32d') in 0.651937 seconds
  Import took 0.654128 seconds .

========================================================================
Received Import Request.
  Time since last request: 11.553725 seconds.
  path: Assets/demo.unity
  artifactKey: Guid(fdbad9bc86aff6e4984db689a22c7bbb) Importer(815301076,1909f56bfc062723c751e8b465ee728b)
Start importing Assets/demo.unity using Guid(fdbad9bc86aff6e4984db689a22c7bbb) Importer(815301076,1909f56bfc062723c751e8b465ee728b)  -> (artifact id: '78ca0f8491dbe69f3b8becadb58f3ab2') in 0.001872 seconds
  Import took 0.005154 seconds .

========================================================================
Received Import Request.
  Time since last request: 0.004618 seconds.
  path: Assets/demo.unity
  artifactKey: Guid(fdbad9bc86aff6e4984db689a22c7bbb) Importer(815301076,1909f56bfc062723c751e8b465ee728b)
Start importing Assets/demo.unity using Guid(fdbad9bc86aff6e4984db689a22c7bbb) Importer(815301076,1909f56bfc062723c751e8b465ee728b)  -> (artifact id: '78ca0f8491dbe69f3b8becadb58f3ab2') in 0.001072 seconds
  Import took 0.003671 seconds .

